[debug] [2022-07-04T02:16:33.936Z] ----------------------------------------------------------------------
[debug] [2022-07-04T02:16:33.937Z] Command:       C:\Program Files\nodejs\node.exe C:\Program Files\nodejs\node_modules\firebase-tools\lib\bin\firebase.js init
[debug] [2022-07-04T02:16:33.937Z] CLI Version:   11.1.0
[debug] [2022-07-04T02:16:33.937Z] Platform:      win32
[debug] [2022-07-04T02:16:33.937Z] Node Version:  v14.18.0
[debug] [2022-07-04T02:16:33.938Z] Time:          Sun Jul 03 2022 22:16:33 GMT-0400 (hora estándar de Chile)
[debug] [2022-07-04T02:16:33.938Z] ----------------------------------------------------------------------
[debug] 
[debug] [2022-07-04T02:16:33.940Z] >>> [apiv2][query] GET https://firebase-public.firebaseio.com/cli.json [none]
[debug] [2022-07-04T02:16:33.957Z] > command requires scopes: ["email","openid","https://www.googleapis.com/auth/cloudplatformprojects.readonly","https://www.googleapis.com/auth/firebase","https://www.googleapis.com/auth/cloud-platform"]
[debug] [2022-07-04T02:16:33.958Z] > authorizing via signed-in user (lezanojohn@gmail.com)
[info] 
     ######## #### ########  ######## ########     ###     ######  ########
     ##        ##  ##     ## ##       ##     ##  ##   ##  ##       ##
     ######    ##  ########  ######   ########  #########  ######  ######
     ##        ##  ##    ##  ##       ##     ## ##     ##       ## ##
     ##       #### ##     ## ######## ########  ##     ##  ######  ########

You're about to initialize a Firebase project in this directory:

  C:\Repository\ProyectosPersonales\udemy\bluuweb\notes-firebase

Before we get started, keep in mind:

  * You are currently outside your home directory

[debug] [2022-07-04T02:16:34.425Z] <<< [apiv2][status] GET https://firebase-public.firebaseio.com/cli.json 200
[debug] [2022-07-04T02:16:34.425Z] <<< [apiv2][body] GET https://firebase-public.firebaseio.com/cli.json {"cloudBuildErrorAfter":1594252800000,"cloudBuildWarnAfter":1590019200000,"defaultNode10After":1594252800000,"minVersion":"3.0.5","node8DeploysDisabledAfter":1613390400000,"node8RuntimeDisabledAfter":1615809600000,"node8WarnAfter":1600128000000}
